<?xml version="1.0" encoding="UTF-8"?>
<!-- Generated by org.testng.reporters.JUnitXMLReporter -->
<testsuite ignored="0" hostname="LAPTOP-C05A25AI" failures="0" tests="6" name="Surefire test" time="0.036" errors="0" timestamp="2024-08-04T21:08:31 IST">
  <testcase classname="selenium.MyFirstMavenProject.AppTest" name="shouldAnswerWithFalse" time="0.003"/>
  <testcase classname="selenium.MyFirstMavenProject.AppTest" name="shouldAnswerWithTrue" time="0.0"/>
  <testcase classname="testng.BaseClass" name="method3" time="0.0"/>
  <testcase classname="testng.BaseClass" name="method4" time="0.001"/>
  <testcase classname="testng.MyTest" name="method1" time="0.0"/>
  <testcase classname="testng.MyTest" name="method2" time="0.0"/>
</testsuite> <!-- Surefire test -->
