<?xml version="1.0" encoding="UTF-8"?>
<!-- Generated by org.testng.reporters.JUnitXMLReporter -->
<testsuite ignored="1" hostname="LAPTOP-C05A25AI" failures="0" tests="5" name="Test_Smoke" time="0.053" errors="0" timestamp="2022-01-31T07:03:41 IST">
  <testcase classname="test2.AttributesofTestAnnotation" name="verifyUserCanLogin" time="0.009"/>
  <testcase classname="test2.AttributesofTestAnnotation" name="test" time="0.001"/>
  <testcase classname="test2.AttributesofTestAnnotation" name="test" time="0.0"/>
  <testcase classname="test2.AttributesofTestAnnotation" name="test" time="0.001"/>
  <testcase classname="test2.AttributesofTestAnnotation" name="verifyUserCanSendMail" time="0.001"/>
  <testcase classname="test2.AttributesofTestAnnotation" name="verifyTitleofWebPage" time="0.0">
    <ignored/>
  </testcase> <!-- verifyTitleofWebPage -->
</testsuite> <!-- Test_Smoke -->
