<?xml version="1.0" encoding="UTF-8"?>
<!-- Generated by org.testng.reporters.JUnitXMLReporter -->
<testsuite ignored="4" hostname="LAPTOP-C05A25AI" failures="1" tests="8" name="Test" time="7.993" errors="0" timestamp="2022-01-30T19:16:58 IST">
  <testcase classname="testng.Demo" name="verifyWebPageTitle" time="0.017">
    <failure type="java.lang.AssertionError">
      <![CDATA[java.lang.AssertionError: 
at testng.Demo.verifyWebPageTitle(Demo.java:52)
at java.base/java.util.ArrayList.forEach(ArrayList.java:1511)
... Removed 30 stack frames]]>
    </failure>
  </testcase> <!-- verifyWebPageTitle -->
  <testcase classname="testng.Demo" name="verifyWebPageTitle1" time="0.006"/>
  <testcase classname="testng.BaseClass" name="method3" time="0.001"/>
  <testcase classname="testng.BaseClass" name="method4" time="0.0"/>
  <testcase classname="testng.BaseClass" name="method3" time="0.0"/>
  <testcase classname="testng.BaseClass" name="method4" time="0.001"/>
  <testcase classname="testng.MyTest" name="method1" time="0.0"/>
  <testcase classname="testng.MyTest" name="method2" time="0.001"/>
  <testcase classname="testng.BaseClass" name="@BeforeSuite methodBeforeSuiteInBaseClass" time="0.0">
    <ignored/>
  </testcase> <!-- @BeforeSuite methodBeforeSuiteInBaseClass -->
  <testcase classname="testng.BaseClass" name="@AfterSuite methodAfterSuiteInBaseClass" time="0.0">
    <ignored/>
  </testcase> <!-- @AfterSuite methodAfterSuiteInBaseClass -->
  <testcase classname="testng.BaseClass" name="@BeforeTest methodBeforeTestBase" time="0.0">
    <ignored/>
  </testcase> <!-- @BeforeTest methodBeforeTestBase -->
  <testcase classname="testng.BaseClass" name="@AfterTest methodAfterTestBase" time="0.0">
    <ignored/>
  </testcase> <!-- @AfterTest methodAfterTestBase -->
</testsuite> <!-- Test -->
